Build output check failed:
    Regex: 'unknown .*option'
    Output line: 'cl : Command line warning D9002: ignoring unknown option '-fsigned-char' [C:\Users\Ronald\Documents\Visual Studio 2017\Projects\LAHACKS2017\CMake_Binaries\CMakeFiles\CMakeTmp\cmTC_7a47a.vcxproj]'
Compilation failed:
    source file: 'C:/Users/Ronald/Documents/Visual Studio 2017/Projects/LAHACKS2017/CMake_Binaries/CMakeFiles/CMakeTmp/src.cxx'
    check option: '  -fsigned-char'
===== BUILD LOG =====
Change Dir: C:/Users/Ronald/Documents/Visual Studio 2017/Projects/LAHACKS2017/CMake_Binaries/CMakeFiles/CMakeTmp

Run Build Command:"C:/Program Files (x86)/Microsoft Visual Studio/2017/Community/MSBuild/15.0/Bin/MSBuild.exe" "cmTC_7a47a.vcxproj" "/p:Configuration=Debug" "/p:VisualStudioVersion=15.0"
Microsoft (R) Build Engine version 15.1.548.43366
Copyright (C) Microsoft Corporation. All rights reserved.

Build started 4/1/2017 3:12:08 AM.
Project "C:\Users\Ronald\Documents\Visual Studio 2017\Projects\LAHACKS2017\CMake_Binaries\CMakeFiles\CMakeTmp\cmTC_7a47a.vcxproj" on node 1 (default targets).
PrepareForBuild:
  Creating directory "cmTC_7a47a.dir\Debug\".
  Creating directory "C:\Users\Ronald\Documents\Visual Studio 2017\Projects\LAHACKS2017\CMake_Binaries\CMakeFiles\CMakeTmp\Debug\".
  Creating directory "cmTC_7a47a.dir\Debug\cmTC_7a47a.tlog\".
InitializeBuildStatus:
  Creating "cmTC_7a47a.dir\Debug\cmTC_7a47a.tlog\unsuccessfulbuild" because "AlwaysCreate" was specified.
ClCompile:
  C:\Program Files (x86)\Microsoft Visual Studio\2017\Community\VC\Tools\MSVC\14.10.25017\bin\HostX86\x86\CL.exe /c /Zi /W3 /WX- /diagnostics:classic /Od /Ob0 /Oy- /D WIN32 /D _WINDOWS /D _DEBUG /D "CMAKE_INTDIR=\"Debug\"" /D _MBCS /Gm- /EHa /RTC1 /MDd /GS /fp:precise /Zc:wchar_t /Zc:forScope /Zc:inline /GR /Fo"cmTC_7a47a.dir\Debug\\" /Fd"cmTC_7a47a.dir\Debug\vc141.pdb" /Gd /TP /analyze- /errorReport:queue  -fsigned-char "C:\Users\Ronald\Documents\Visual Studio 2017\Projects\LAHACKS2017\CMake_Binaries\CMakeFiles\CMakeTmp\src.cxx"
  Microsoft (R) C/C++ Optimizing Compiler Version 19.10.25017 for x86
  Copyright (C) Microsoft Corporation.  All rights reserved.
  
  cl /c /Zi /W3 /WX- /diagnostics:classic /Od /Ob0 /Oy- /D WIN32 /D _WINDOWS /D _DEBUG /D "CMAKE_INTDIR=\"Debug\"" /D _MBCS /Gm- /EHa /RTC1 /MDd /GS /fp:precise /Zc:wchar_t /Zc:forScope /Zc:inline /GR /Fo"cmTC_7a47a.dir\Debug\\" /Fd"cmTC_7a47a.dir\Debug\vc141.pdb" /Gd /TP /analyze- /errorReport:queue  -fsigned-char "C:\Users\Ronald\Documents\Visual Studio 2017\Projects\LAHACKS2017\CMake_Binaries\CMakeFiles\CMakeTmp\src.cxx"
  
cl : Command line warning D9002: ignoring unknown option '-fsigned-char' [C:\Users\Ronald\Documents\Visual Studio 2017\Projects\LAHACKS2017\CMake_Binaries\CMakeFiles\CMakeTmp\cmTC_7a47a.vcxproj]
  src.cxx
Link:
  C:\Program Files (x86)\Microsoft Visual Studio\2017\Community\VC\Tools\MSVC\14.10.25017\bin\HostX86\x86\link.exe /ERRORREPORT:QUEUE /OUT:"C:\Users\Ronald\Documents\Visual Studio 2017\Projects\LAHACKS2017\CMake_Binaries\CMakeFiles\CMakeTmp\Debug\cmTC_7a47a.exe" /INCREMENTAL /NOLOGO kernel32.lib user32.lib gdi32.lib winspool.lib shell32.lib ole32.lib oleaut32.lib uuid.lib comdlg32.lib advapi32.lib /MANIFEST /MANIFESTUAC:"level='asInvoker' uiAccess='false'" /manifest:embed /DEBUG /PDB:"C:/Users/Ronald/Documents/Visual Studio 2017/Projects/LAHACKS2017/CMake_Binaries/CMakeFiles/CMakeTmp/Debug/cmTC_7a47a.pdb" /SUBSYSTEM:CONSOLE /TLBID:1 /DYNAMICBASE /NXCOMPAT /IMPLIB:"C:/Users/Ronald/Documents/Visual Studio 2017/Projects/LAHACKS2017/CMake_Binaries/CMakeFiles/CMakeTmp/Debug/cmTC_7a47a.lib" /MACHINE:X86 /SAFESEH  /machine:X86 cmTC_7a47a.dir\Debug\src.obj
  cmTC_7a47a.vcxproj -> C:\Users\Ronald\Documents\Visual Studio 2017\Projects\LAHACKS2017\CMake_Binaries\CMakeFiles\CMakeTmp\Debug\cmTC_7a47a.exe
FinalizeBuildStatus:
  Deleting file "cmTC_7a47a.dir\Debug\cmTC_7a47a.tlog\unsuccessfulbuild".
  Touching "cmTC_7a47a.dir\Debug\cmTC_7a47a.tlog\cmTC_7a47a.lastbuildstate".
Done Building Project "C:\Users\Ronald\Documents\Visual Studio 2017\Projects\LAHACKS2017\CMake_Binaries\CMakeFiles\CMakeTmp\cmTC_7a47a.vcxproj" (default targets).

Build succeeded.

"C:\Users\Ronald\Documents\Visual Studio 2017\Projects\LAHACKS2017\CMake_Binaries\CMakeFiles\CMakeTmp\cmTC_7a47a.vcxproj" (default target) (1) ->
(ClCompile target) -> 
  cl : Command line warning D9002: ignoring unknown option '-fsigned-char' [C:\Users\Ronald\Documents\Visual Studio 2017\Projects\LAHACKS2017\CMake_Binaries\CMakeFiles\CMakeTmp\cmTC_7a47a.vcxproj]

    1 Warning(s)
    0 Error(s)

Time Elapsed 00:00:01.91

===== END =====

Build output check failed:
    Regex: 'unknown .*option'
    Output line: 'cl : Command line warning D9002: ignoring unknown option '-fsigned-char' [C:\Users\Ronald\Documents\Visual Studio 2017\Projects\LAHACKS2017\CMake_Binaries\CMakeFiles\CMakeTmp\cmTC_297b6.vcxproj]'
Compilation failed:
    source file: 'C:/Users/Ronald/Documents/Visual Studio 2017/Projects/LAHACKS2017/CMake_Binaries/CMakeFiles/CMakeTmp/src.c'
    check option: '  -fsigned-char'
===== BUILD LOG =====
Change Dir: C:/Users/Ronald/Documents/Visual Studio 2017/Projects/LAHACKS2017/CMake_Binaries/CMakeFiles/CMakeTmp

Run Build Command:"C:/Program Files (x86)/Microsoft Visual Studio/2017/Community/MSBuild/15.0/Bin/MSBuild.exe" "cmTC_297b6.vcxproj" "/p:Configuration=Debug" "/p:VisualStudioVersion=15.0"
Microsoft (R) Build Engine version 15.1.548.43366
Copyright (C) Microsoft Corporation. All rights reserved.

Build started 4/1/2017 3:12:11 AM.
Project "C:\Users\Ronald\Documents\Visual Studio 2017\Projects\LAHACKS2017\CMake_Binaries\CMakeFiles\CMakeTmp\cmTC_297b6.vcxproj" on node 1 (default targets).
PrepareForBuild:
  Creating directory "cmTC_297b6.dir\Debug\".
  Creating directory "C:\Users\Ronald\Documents\Visual Studio 2017\Projects\LAHACKS2017\CMake_Binaries\CMakeFiles\CMakeTmp\Debug\".
  Creating directory "cmTC_297b6.dir\Debug\cmTC_297b6.tlog\".
InitializeBuildStatus:
  Creating "cmTC_297b6.dir\Debug\cmTC_297b6.tlog\unsuccessfulbuild" because "AlwaysCreate" was specified.
ClCompile:
  C:\Program Files (x86)\Microsoft Visual Studio\2017\Community\VC\Tools\MSVC\14.10.25017\bin\HostX86\x86\CL.exe /c /Zi /W3 /WX- /diagnostics:classic /Od /Ob0 /Oy- /D WIN32 /D _WINDOWS /D _DEBUG /D "CMAKE_INTDIR=\"Debug\"" /D _MBCS /Gm- /RTC1 /MDd /GS /fp:precise /Zc:wchar_t /Zc:forScope /Zc:inline /Fo"cmTC_297b6.dir\Debug\\" /Fd"cmTC_297b6.dir\Debug\vc141.pdb" /Gd /TC /analyze- /errorReport:queue  -fsigned-char "C:\Users\Ronald\Documents\Visual Studio 2017\Projects\LAHACKS2017\CMake_Binaries\CMakeFiles\CMakeTmp\src.c"
  Microsoft (R) C/C++ Optimizing Compiler Version 19.10.25017 for x86
  Copyright (C) Microsoft Corporation.  All rights reserved.
  
  src.c
  cl /c /Zi /W3 /WX- /diagnostics:classic /Od /Ob0 /Oy- /D WIN32 /D _WINDOWS /D _DEBUG /D "CMAKE_INTDIR=\"Debug\"" /D _MBCS /Gm- /RTC1 /MDd /GS /fp:precise /Zc:wchar_t /Zc:forScope /Zc:inline /Fo"cmTC_297b6.dir\Debug\\" /Fd"cmTC_297b6.dir\Debug\vc141.pdb" /Gd /TC /analyze- /errorReport:queue  -fsigned-char "C:\Users\Ronald\Documents\Visual Studio 2017\Projects\LAHACKS2017\CMake_Binaries\CMakeFiles\CMakeTmp\src.c"
  
cl : Command line warning D9002: ignoring unknown option '-fsigned-char' [C:\Users\Ronald\Documents\Visual Studio 2017\Projects\LAHACKS2017\CMake_Binaries\CMakeFiles\CMakeTmp\cmTC_297b6.vcxproj]
Link:
  C:\Program Files (x86)\Microsoft Visual Studio\2017\Community\VC\Tools\MSVC\14.10.25017\bin\HostX86\x86\link.exe /ERRORREPORT:QUEUE /OUT:"C:\Users\Ronald\Documents\Visual Studio 2017\Projects\LAHACKS2017\CMake_Binaries\CMakeFiles\CMakeTmp\Debug\cmTC_297b6.exe" /INCREMENTAL /NOLOGO kernel32.lib user32.lib gdi32.lib winspool.lib shell32.lib ole32.lib oleaut32.lib uuid.lib comdlg32.lib advapi32.lib /MANIFEST /MANIFESTUAC:"level='asInvoker' uiAccess='false'" /manifest:embed /DEBUG /PDB:"C:/Users/Ronald/Documents/Visual Studio 2017/Projects/LAHACKS2017/CMake_Binaries/CMakeFiles/CMakeTmp/Debug/cmTC_297b6.pdb" /SUBSYSTEM:CONSOLE /TLBID:1 /DYNAMICBASE /NXCOMPAT /IMPLIB:"C:/Users/Ronald/Documents/Visual Studio 2017/Projects/LAHACKS2017/CMake_Binaries/CMakeFiles/CMakeTmp/Debug/cmTC_297b6.lib" /MACHINE:X86 /SAFESEH  /machine:X86 cmTC_297b6.dir\Debug\src.obj
  cmTC_297b6.vcxproj -> C:\Users\Ronald\Documents\Visual Studio 2017\Projects\LAHACKS2017\CMake_Binaries\CMakeFiles\CMakeTmp\Debug\cmTC_297b6.exe
FinalizeBuildStatus:
  Deleting file "cmTC_297b6.dir\Debug\cmTC_297b6.tlog\unsuccessfulbuild".
  Touching "cmTC_297b6.dir\Debug\cmTC_297b6.tlog\cmTC_297b6.lastbuildstate".
Done Building Project "C:\Users\Ronald\Documents\Visual Studio 2017\Projects\LAHACKS2017\CMake_Binaries\CMakeFiles\CMakeTmp\cmTC_297b6.vcxproj" (default targets).

Build succeeded.

"C:\Users\Ronald\Documents\Visual Studio 2017\Projects\LAHACKS2017\CMake_Binaries\CMakeFiles\CMakeTmp\cmTC_297b6.vcxproj" (default target) (1) ->
(ClCompile target) -> 
  cl : Command line warning D9002: ignoring unknown option '-fsigned-char' [C:\Users\Ronald\Documents\Visual Studio 2017\Projects\LAHACKS2017\CMake_Binaries\CMakeFiles\CMakeTmp\cmTC_297b6.vcxproj]

    1 Warning(s)
    0 Error(s)

Time Elapsed 00:00:02.03

===== END =====

Determining if the function fseeko exists failed with the following output:
Change Dir: C:/Users/Ronald/Documents/Visual Studio 2017/Projects/LAHACKS2017/CMake_Binaries/CMakeFiles/CMakeTmp

Run Build Command:"C:/Program Files (x86)/Microsoft Visual Studio/2017/Community/MSBuild/15.0/Bin/MSBuild.exe" "cmTC_0f277.vcxproj" "/p:Configuration=Debug" "/p:VisualStudioVersion=15.0"
Microsoft (R) Build Engine version 15.1.548.43366
Copyright (C) Microsoft Corporation. All rights reserved.

Build started 4/1/2017 3:12:30 AM.
Project "C:\Users\Ronald\Documents\Visual Studio 2017\Projects\LAHACKS2017\CMake_Binaries\CMakeFiles\CMakeTmp\cmTC_0f277.vcxproj" on node 1 (default targets).
PrepareForBuild:
  Creating directory "cmTC_0f277.dir\Debug\".
  Creating directory "C:\Users\Ronald\Documents\Visual Studio 2017\Projects\LAHACKS2017\CMake_Binaries\CMakeFiles\CMakeTmp\Debug\".
  Creating directory "cmTC_0f277.dir\Debug\cmTC_0f277.tlog\".
InitializeBuildStatus:
  Creating "cmTC_0f277.dir\Debug\cmTC_0f277.tlog\unsuccessfulbuild" because "AlwaysCreate" was specified.
ClCompile:
  C:\Program Files (x86)\Microsoft Visual Studio\2017\Community\VC\Tools\MSVC\14.10.25017\bin\HostX86\x86\CL.exe /c /Zi /W3 /WX- /diagnostics:classic /MP4 /Od /Ob0 /Oi /Oy- /D WIN32 /D _WINDOWS /D _CRT_SECURE_NO_DEPRECATE /D _CRT_NONSTDC_NO_DEPRECATE /D _SCL_SECURE_NO_WARNINGS /D CHECK_FUNCTION_EXISTS=fseeko /D _DEBUG /D "CMAKE_INTDIR=\"Debug\"" /D _MBCS /Gm- /RTC1 /MDd /GS /Gy /arch:SSE2 /fp:fast /Zc:wchar_t /Zc:forScope /Zc:inline /Fo"cmTC_0f277.dir\Debug\\" /Fd"cmTC_0f277.dir\Debug\vc141.pdb" /Gd /TC /analyze- /errorReport:queue  /bigobj "C:\Program Files\CMake\share\cmake-3.7\Modules\CheckFunctionExists.c"
  Microsoft (R) C/C++ Optimizing Compiler Version 19.10.25017 for x86
  Copyright (C) Microsoft Corporation.  All rights reserved.
  
  CheckFunctionExists.c
  cl /c /Zi /W3 /WX- /diagnostics:classic /MP4 /Od /Ob0 /Oi /Oy- /D WIN32 /D _WINDOWS /D _CRT_SECURE_NO_DEPRECATE /D _CRT_NONSTDC_NO_DEPRECATE /D _SCL_SECURE_NO_WARNINGS /D CHECK_FUNCTION_EXISTS=fseeko /D _DEBUG /D "CMAKE_INTDIR=\"Debug\"" /D _MBCS /Gm- /RTC1 /MDd /GS /Gy /arch:SSE2 /fp:fast /Zc:wchar_t /Zc:forScope /Zc:inline /Fo"cmTC_0f277.dir\Debug\\" /Fd"cmTC_0f277.dir\Debug\vc141.pdb" /Gd /TC /analyze- /errorReport:queue  /bigobj "C:\Program Files\CMake\share\cmake-3.7\Modules\CheckFunctionExists.c"
  
Link:
  C:\Program Files (x86)\Microsoft Visual Studio\2017\Community\VC\Tools\MSVC\14.10.25017\bin\HostX86\x86\link.exe /ERRORREPORT:QUEUE /OUT:"C:\Users\Ronald\Documents\Visual Studio 2017\Projects\LAHACKS2017\CMake_Binaries\CMakeFiles\CMakeTmp\Debug\cmTC_0f277.exe" /INCREMENTAL /NOLOGO kernel32.lib user32.lib gdi32.lib winspool.lib shell32.lib ole32.lib oleaut32.lib uuid.lib comdlg32.lib advapi32.lib /MANIFEST /MANIFESTUAC:"level='asInvoker' uiAccess='false'" /manifest:embed /DEBUG /PDB:"C:/Users/Ronald/Documents/Visual Studio 2017/Projects/LAHACKS2017/CMake_Binaries/CMakeFiles/CMakeTmp/Debug/cmTC_0f277.pdb" /SUBSYSTEM:CONSOLE /TLBID:1 /DYNAMICBASE /NXCOMPAT /IMPLIB:"C:/Users/Ronald/Documents/Visual Studio 2017/Projects/LAHACKS2017/CMake_Binaries/CMakeFiles/CMakeTmp/Debug/cmTC_0f277.lib" /MACHINE:X86 /SAFESEH  /machine:X86 cmTC_0f277.dir\Debug\CheckFunctionExists.obj
CheckFunctionExists.obj : error LNK2019: unresolved external symbol _fseeko referenced in function _main [C:\Users\Ronald\Documents\Visual Studio 2017\Projects\LAHACKS2017\CMake_Binaries\CMakeFiles\CMakeTmp\cmTC_0f277.vcxproj]
C:\Users\Ronald\Documents\Visual Studio 2017\Projects\LAHACKS2017\CMake_Binaries\CMakeFiles\CMakeTmp\Debug\cmTC_0f277.exe : fatal error LNK1120: 1 unresolved externals [C:\Users\Ronald\Documents\Visual Studio 2017\Projects\LAHACKS2017\CMake_Binaries\CMakeFiles\CMakeTmp\cmTC_0f277.vcxproj]
Done Building Project "C:\Users\Ronald\Documents\Visual Studio 2017\Projects\LAHACKS2017\CMake_Binaries\CMakeFiles\CMakeTmp\cmTC_0f277.vcxproj" (default targets) -- FAILED.

Build FAILED.

"C:\Users\Ronald\Documents\Visual Studio 2017\Projects\LAHACKS2017\CMake_Binaries\CMakeFiles\CMakeTmp\cmTC_0f277.vcxproj" (default target) (1) ->
(Link target) -> 
  CheckFunctionExists.obj : error LNK2019: unresolved external symbol _fseeko referenced in function _main [C:\Users\Ronald\Documents\Visual Studio 2017\Projects\LAHACKS2017\CMake_Binaries\CMakeFiles\CMakeTmp\cmTC_0f277.vcxproj]
  C:\Users\Ronald\Documents\Visual Studio 2017\Projects\LAHACKS2017\CMake_Binaries\CMakeFiles\CMakeTmp\Debug\cmTC_0f277.exe : fatal error LNK1120: 1 unresolved externals [C:\Users\Ronald\Documents\Visual Studio 2017\Projects\LAHACKS2017\CMake_Binaries\CMakeFiles\CMakeTmp\cmTC_0f277.vcxproj]

    0 Warning(s)
    2 Error(s)

Time Elapsed 00:00:01.75


Determining if the include file unistd.h exists failed with the following output:
Change Dir: C:/Users/Ronald/Documents/Visual Studio 2017/Projects/LAHACKS2017/CMake_Binaries/CMakeFiles/CMakeTmp

Run Build Command:"C:/Program Files (x86)/Microsoft Visual Studio/2017/Community/MSBuild/15.0/Bin/MSBuild.exe" "cmTC_907b5.vcxproj" "/p:Configuration=Debug" "/p:VisualStudioVersion=15.0"
Microsoft (R) Build Engine version 15.1.548.43366
Copyright (C) Microsoft Corporation. All rights reserved.

Build started 4/1/2017 3:12:32 AM.
Project "C:\Users\Ronald\Documents\Visual Studio 2017\Projects\LAHACKS2017\CMake_Binaries\CMakeFiles\CMakeTmp\cmTC_907b5.vcxproj" on node 1 (default targets).
PrepareForBuild:
  Creating directory "cmTC_907b5.dir\Debug\".
  Creating directory "C:\Users\Ronald\Documents\Visual Studio 2017\Projects\LAHACKS2017\CMake_Binaries\CMakeFiles\CMakeTmp\Debug\".
  Creating directory "cmTC_907b5.dir\Debug\cmTC_907b5.tlog\".
InitializeBuildStatus:
  Creating "cmTC_907b5.dir\Debug\cmTC_907b5.tlog\unsuccessfulbuild" because "AlwaysCreate" was specified.
ClCompile:
  C:\Program Files (x86)\Microsoft Visual Studio\2017\Community\VC\Tools\MSVC\14.10.25017\bin\HostX86\x86\CL.exe /c /Zi /W3 /WX- /diagnostics:classic /MP4 /Od /Ob0 /Oi /Oy- /D WIN32 /D _WINDOWS /D _CRT_SECURE_NO_DEPRECATE /D _CRT_NONSTDC_NO_DEPRECATE /D _SCL_SECURE_NO_WARNINGS /D _DEBUG /D "CMAKE_INTDIR=\"Debug\"" /D _MBCS /Gm- /RTC1 /MDd /GS /Gy /arch:SSE2 /fp:fast /Zc:wchar_t /Zc:forScope /Zc:inline /Fo"cmTC_907b5.dir\Debug\\" /Fd"cmTC_907b5.dir\Debug\vc141.pdb" /Gd /TC /analyze- /errorReport:queue  /bigobj "C:\Users\Ronald\Documents\Visual Studio 2017\Projects\LAHACKS2017\CMake_Binaries\CMakeFiles\CMakeTmp\CheckIncludeFile.c"
  Microsoft (R) C/C++ Optimizing Compiler Version 19.10.25017 for x86
  Copyright (C) Microsoft Corporation.  All rights reserved.
  
  CheckIncludeFile.c
  cl /c /Zi /W3 /WX- /diagnostics:classic /MP4 /Od /Ob0 /Oi /Oy- /D WIN32 /D _WINDOWS /D _CRT_SECURE_NO_DEPRECATE /D _CRT_NONSTDC_NO_DEPRECATE /D _SCL_SECURE_NO_WARNINGS /D _DEBUG /D "CMAKE_INTDIR=\"Debug\"" /D _MBCS /Gm- /RTC1 /MDd /GS /Gy /arch:SSE2 /fp:fast /Zc:wchar_t /Zc:forScope /Zc:inline /Fo"cmTC_907b5.dir\Debug\\" /Fd"cmTC_907b5.dir\Debug\vc141.pdb" /Gd /TC /analyze- /errorReport:queue  /bigobj "C:\Users\Ronald\Documents\Visual Studio 2017\Projects\LAHACKS2017\CMake_Binaries\CMakeFiles\CMakeTmp\CheckIncludeFile.c"
  
C:\Users\Ronald\Documents\Visual Studio 2017\Projects\LAHACKS2017\CMake_Binaries\CMakeFiles\CMakeTmp\CheckIncludeFile.c(1): fatal error C1083: Cannot open include file: 'unistd.h': No such file or directory [C:\Users\Ronald\Documents\Visual Studio 2017\Projects\LAHACKS2017\CMake_Binaries\CMakeFiles\CMakeTmp\cmTC_907b5.vcxproj]
Done Building Project "C:\Users\Ronald\Documents\Visual Studio 2017\Projects\LAHACKS2017\CMake_Binaries\CMakeFiles\CMakeTmp\cmTC_907b5.vcxproj" (default targets) -- FAILED.

Build FAILED.

"C:\Users\Ronald\Documents\Visual Studio 2017\Projects\LAHACKS2017\CMake_Binaries\CMakeFiles\CMakeTmp\cmTC_907b5.vcxproj" (default target) (1) ->
(ClCompile target) -> 
  C:\Users\Ronald\Documents\Visual Studio 2017\Projects\LAHACKS2017\CMake_Binaries\CMakeFiles\CMakeTmp\CheckIncludeFile.c(1): fatal error C1083: Cannot open include file: 'unistd.h': No such file or directory [C:\Users\Ronald\Documents\Visual Studio 2017\Projects\LAHACKS2017\CMake_Binaries\CMakeFiles\CMakeTmp\cmTC_907b5.vcxproj]

    0 Warning(s)
    1 Error(s)

Time Elapsed 00:00:01.37


Determining size of off64_t failed with the following output:
Change Dir: C:/Users/Ronald/Documents/Visual Studio 2017/Projects/LAHACKS2017/CMake_Binaries/CMakeFiles/CMakeTmp

Run Build Command:"C:/Program Files (x86)/Microsoft Visual Studio/2017/Community/MSBuild/15.0/Bin/MSBuild.exe" "cmTC_62206.vcxproj" "/p:Configuration=Debug" "/p:VisualStudioVersion=15.0"
Microsoft (R) Build Engine version 15.1.548.43366
Copyright (C) Microsoft Corporation. All rights reserved.

Build started 4/1/2017 3:12:34 AM.
Project "C:\Users\Ronald\Documents\Visual Studio 2017\Projects\LAHACKS2017\CMake_Binaries\CMakeFiles\CMakeTmp\cmTC_62206.vcxproj" on node 1 (default targets).
PrepareForBuild:
  Creating directory "cmTC_62206.dir\Debug\".
  Creating directory "C:\Users\Ronald\Documents\Visual Studio 2017\Projects\LAHACKS2017\CMake_Binaries\CMakeFiles\CMakeTmp\Debug\".
  Creating directory "cmTC_62206.dir\Debug\cmTC_62206.tlog\".
InitializeBuildStatus:
  Creating "cmTC_62206.dir\Debug\cmTC_62206.tlog\unsuccessfulbuild" because "AlwaysCreate" was specified.
ClCompile:
  C:\Program Files (x86)\Microsoft Visual Studio\2017\Community\VC\Tools\MSVC\14.10.25017\bin\HostX86\x86\CL.exe /c /Zi /W3 /WX- /diagnostics:classic /MP4 /Od /Ob0 /Oi /Oy- /D WIN32 /D _WINDOWS /D _CRT_SECURE_NO_DEPRECATE /D _CRT_NONSTDC_NO_DEPRECATE /D _SCL_SECURE_NO_WARNINGS /D _DEBUG /D "CMAKE_INTDIR=\"Debug\"" /D _MBCS /Gm- /RTC1 /MDd /GS /Gy /arch:SSE2 /fp:fast /Zc:wchar_t /Zc:forScope /Zc:inline /Fo"cmTC_62206.dir\Debug\\" /Fd"cmTC_62206.dir\Debug\vc141.pdb" /Gd /TC /analyze- /errorReport:queue  /bigobj "C:\Users\Ronald\Documents\Visual Studio 2017\Projects\LAHACKS2017\CMake_Binaries\CMakeFiles\CheckTypeSize\OFF64_T.c"
  Microsoft (R) C/C++ Optimizing Compiler Version 19.10.25017 for x86
  Copyright (C) Microsoft Corporation.  All rights reserved.
  
  OFF64_T.c
  cl /c /Zi /W3 /WX- /diagnostics:classic /MP4 /Od /Ob0 /Oi /Oy- /D WIN32 /D _WINDOWS /D _CRT_SECURE_NO_DEPRECATE /D _CRT_NONSTDC_NO_DEPRECATE /D _SCL_SECURE_NO_WARNINGS /D _DEBUG /D "CMAKE_INTDIR=\"Debug\"" /D _MBCS /Gm- /RTC1 /MDd /GS /Gy /arch:SSE2 /fp:fast /Zc:wchar_t /Zc:forScope /Zc:inline /Fo"cmTC_62206.dir\Debug\\" /Fd"cmTC_62206.dir\Debug\vc141.pdb" /Gd /TC /analyze- /errorReport:queue  /bigobj "C:\Users\Ronald\Documents\Visual Studio 2017\Projects\LAHACKS2017\CMake_Binaries\CMakeFiles\CheckTypeSize\OFF64_T.c"
  
C:\Users\Ronald\Documents\Visual Studio 2017\Projects\LAHACKS2017\CMake_Binaries\CMakeFiles\CheckTypeSize\OFF64_T.c(19): error C2065: 'off64_t': undeclared identifier [C:\Users\Ronald\Documents\Visual Studio 2017\Projects\LAHACKS2017\CMake_Binaries\CMakeFiles\CMakeTmp\cmTC_62206.vcxproj]
C:\Users\Ronald\Documents\Visual Studio 2017\Projects\LAHACKS2017\CMake_Binaries\CMakeFiles\CheckTypeSize\OFF64_T.c(20): error C2065: 'off64_t': undeclared identifier [C:\Users\Ronald\Documents\Visual Studio 2017\Projects\LAHACKS2017\CMake_Binaries\CMakeFiles\CMakeTmp\cmTC_62206.vcxproj]
C:\Users\Ronald\Documents\Visual Studio 2017\Projects\LAHACKS2017\CMake_Binaries\CMakeFiles\CheckTypeSize\OFF64_T.c(21): error C2065: 'off64_t': undeclared identifier [C:\Users\Ronald\Documents\Visual Studio 2017\Projects\LAHACKS2017\CMake_Binaries\CMakeFiles\CMakeTmp\cmTC_62206.vcxproj]
C:\Users\Ronald\Documents\Visual Studio 2017\Projects\LAHACKS2017\CMake_Binaries\CMakeFiles\CheckTypeSize\OFF64_T.c(22): error C2065: 'off64_t': undeclared identifier [C:\Users\Ronald\Documents\Visual Studio 2017\Projects\LAHACKS2017\CMake_Binaries\CMakeFiles\CMakeTmp\cmTC_62206.vcxproj]
C:\Users\Ronald\Documents\Visual Studio 2017\Projects\LAHACKS2017\CMake_Binaries\CMakeFiles\CheckTypeSize\OFF64_T.c(23): error C2065: 'off64_t': undeclared identifier [C:\Users\Ronald\Documents\Visual Studio 2017\Projects\LAHACKS2017\CMake_Binaries\CMakeFiles\CMakeTmp\cmTC_62206.vcxproj]
Done Building Project "C:\Users\Ronald\Documents\Visual Studio 2017\Projects\LAHACKS2017\CMake_Binaries\CMakeFiles\CMakeTmp\cmTC_62206.vcxproj" (default targets) -- FAILED.

Build FAILED.

"C:\Users\Ronald\Documents\Visual Studio 2017\Projects\LAHACKS2017\CMake_Binaries\CMakeFiles\CMakeTmp\cmTC_62206.vcxproj" (default target) (1) ->
(ClCompile target) -> 
  C:\Users\Ronald\Documents\Visual Studio 2017\Projects\LAHACKS2017\CMake_Binaries\CMakeFiles\CheckTypeSize\OFF64_T.c(19): error C2065: 'off64_t': undeclared identifier [C:\Users\Ronald\Documents\Visual Studio 2017\Projects\LAHACKS2017\CMake_Binaries\CMakeFiles\CMakeTmp\cmTC_62206.vcxproj]
  C:\Users\Ronald\Documents\Visual Studio 2017\Projects\LAHACKS2017\CMake_Binaries\CMakeFiles\CheckTypeSize\OFF64_T.c(20): error C2065: 'off64_t': undeclared identifier [C:\Users\Ronald\Documents\Visual Studio 2017\Projects\LAHACKS2017\CMake_Binaries\CMakeFiles\CMakeTmp\cmTC_62206.vcxproj]
  C:\Users\Ronald\Documents\Visual Studio 2017\Projects\LAHACKS2017\CMake_Binaries\CMakeFiles\CheckTypeSize\OFF64_T.c(21): error C2065: 'off64_t': undeclared identifier [C:\Users\Ronald\Documents\Visual Studio 2017\Projects\LAHACKS2017\CMake_Binaries\CMakeFiles\CMakeTmp\cmTC_62206.vcxproj]
  C:\Users\Ronald\Documents\Visual Studio 2017\Projects\LAHACKS2017\CMake_Binaries\CMakeFiles\CheckTypeSize\OFF64_T.c(22): error C2065: 'off64_t': undeclared identifier [C:\Users\Ronald\Documents\Visual Studio 2017\Projects\LAHACKS2017\CMake_Binaries\CMakeFiles\CMakeTmp\cmTC_62206.vcxproj]
  C:\Users\Ronald\Documents\Visual Studio 2017\Projects\LAHACKS2017\CMake_Binaries\CMakeFiles\CheckTypeSize\OFF64_T.c(23): error C2065: 'off64_t': undeclared identifier [C:\Users\Ronald\Documents\Visual Studio 2017\Projects\LAHACKS2017\CMake_Binaries\CMakeFiles\CMakeTmp\cmTC_62206.vcxproj]

    0 Warning(s)
    5 Error(s)

Time Elapsed 00:00:01.37

C:/Users/Ronald/Documents/Visual Studio 2017/Projects/LAHACKS2017/CMake_Binaries/CMakeFiles/CheckTypeSize/OFF64_T.c:
#include <sys/types.h>
#include <stdint.h>
#include <stddef.h>


#undef KEY
#if defined(__i386)
# define KEY '_','_','i','3','8','6'
#elif defined(__x86_64)
# define KEY '_','_','x','8','6','_','6','4'
#elif defined(__ppc__)
# define KEY '_','_','p','p','c','_','_'
#elif defined(__ppc64__)
# define KEY '_','_','p','p','c','6','4','_','_'
#endif

#define SIZE (sizeof(off64_t))
char info_size[] =  {'I', 'N', 'F', 'O', ':', 's','i','z','e','[',
  ('0' + ((SIZE / 10000)%10)),
  ('0' + ((SIZE / 1000)%10)),
  ('0' + ((SIZE / 100)%10)),
  ('0' + ((SIZE / 10)%10)),
  ('0' +  (SIZE    % 10)),
  ']',
#ifdef KEY
  ' ','k','e','y','[', KEY, ']',
#endif
  '\0'};

#ifdef __CLASSIC_C__
int main(argc, argv) int argc; char *argv[];
#else
int main(int argc, char *argv[])
#endif
{
  int require = 0;
  require += info_size[argc];
  (void)argv;
  return require;
}


Determining if the function jbg_newlen exists failed with the following output:
Change Dir: C:/Users/Ronald/Documents/Visual Studio 2017/Projects/LAHACKS2017/CMake_Binaries/CMakeFiles/CMakeTmp

Run Build Command:"C:/Program Files (x86)/Microsoft Visual Studio/2017/Community/MSBuild/15.0/Bin/MSBuild.exe" "cmTC_88df8.vcxproj" "/p:Configuration=Debug" "/p:VisualStudioVersion=15.0"
Microsoft (R) Build Engine version 15.1.548.43366
Copyright (C) Microsoft Corporation. All rights reserved.

Build started 4/1/2017 3:12:43 AM.
Project "C:\Users\Ronald\Documents\Visual Studio 2017\Projects\LAHACKS2017\CMake_Binaries\CMakeFiles\CMakeTmp\cmTC_88df8.vcxproj" on node 1 (default targets).
PrepareForBuild:
  Creating directory "cmTC_88df8.dir\Debug\".
  Creating directory "C:\Users\Ronald\Documents\Visual Studio 2017\Projects\LAHACKS2017\CMake_Binaries\CMakeFiles\CMakeTmp\Debug\".
  Creating directory "cmTC_88df8.dir\Debug\cmTC_88df8.tlog\".
InitializeBuildStatus:
  Creating "cmTC_88df8.dir\Debug\cmTC_88df8.tlog\unsuccessfulbuild" because "AlwaysCreate" was specified.
ClCompile:
  C:\Program Files (x86)\Microsoft Visual Studio\2017\Community\VC\Tools\MSVC\14.10.25017\bin\HostX86\x86\CL.exe /c /Zi /W3 /WX- /diagnostics:classic /MP4 /Od /Ob0 /Oi /Oy- /D WIN32 /D _WINDOWS /D _CRT_SECURE_NO_DEPRECATE /D _CRT_NONSTDC_NO_DEPRECATE /D _SCL_SECURE_NO_WARNINGS /D CHECK_FUNCTION_EXISTS=jbg_newlen /D _DEBUG /D "CMAKE_INTDIR=\"Debug\"" /D _MBCS /Gm- /RTC1 /MDd /GS /Gy /arch:SSE2 /fp:fast /Zc:wchar_t /Zc:forScope /Zc:inline /Fo"cmTC_88df8.dir\Debug\\" /Fd"cmTC_88df8.dir\Debug\vc141.pdb" /Gd /TC /analyze- /errorReport:queue  /bigobj "C:\Program Files\CMake\share\cmake-3.7\Modules\CheckFunctionExists.c"
  Microsoft (R) C/C++ Optimizing Compiler Version 19.10.25017 for x86
  Copyright (C) Microsoft Corporation.  All rights reserved.
  
  CheckFunctionExists.c
  cl /c /Zi /W3 /WX- /diagnostics:classic /MP4 /Od /Ob0 /Oi /Oy- /D WIN32 /D _WINDOWS /D _CRT_SECURE_NO_DEPRECATE /D _CRT_NONSTDC_NO_DEPRECATE /D _SCL_SECURE_NO_WARNINGS /D CHECK_FUNCTION_EXISTS=jbg_newlen /D _DEBUG /D "CMAKE_INTDIR=\"Debug\"" /D _MBCS /Gm- /RTC1 /MDd /GS /Gy /arch:SSE2 /fp:fast /Zc:wchar_t /Zc:forScope /Zc:inline /Fo"cmTC_88df8.dir\Debug\\" /Fd"cmTC_88df8.dir\Debug\vc141.pdb" /Gd /TC /analyze- /errorReport:queue  /bigobj "C:\Program Files\CMake\share\cmake-3.7\Modules\CheckFunctionExists.c"
  
Link:
  C:\Program Files (x86)\Microsoft Visual Studio\2017\Community\VC\Tools\MSVC\14.10.25017\bin\HostX86\x86\link.exe /ERRORREPORT:QUEUE /OUT:"C:\Users\Ronald\Documents\Visual Studio 2017\Projects\LAHACKS2017\CMake_Binaries\CMakeFiles\CMakeTmp\Debug\cmTC_88df8.exe" /INCREMENTAL /NOLOGO kernel32.lib user32.lib gdi32.lib winspool.lib shell32.lib ole32.lib oleaut32.lib uuid.lib comdlg32.lib advapi32.lib /MANIFEST /MANIFESTUAC:"level='asInvoker' uiAccess='false'" /manifest:embed /DEBUG /PDB:"C:/Users/Ronald/Documents/Visual Studio 2017/Projects/LAHACKS2017/CMake_Binaries/CMakeFiles/CMakeTmp/Debug/cmTC_88df8.pdb" /SUBSYSTEM:CONSOLE /TLBID:1 /DYNAMICBASE /NXCOMPAT /IMPLIB:"C:/Users/Ronald/Documents/Visual Studio 2017/Projects/LAHACKS2017/CMake_Binaries/CMakeFiles/CMakeTmp/Debug/cmTC_88df8.lib" /MACHINE:X86 /SAFESEH  /machine:X86 cmTC_88df8.dir\Debug\CheckFunctionExists.obj
CheckFunctionExists.obj : error LNK2019: unresolved external symbol _jbg_newlen referenced in function _main [C:\Users\Ronald\Documents\Visual Studio 2017\Projects\LAHACKS2017\CMake_Binaries\CMakeFiles\CMakeTmp\cmTC_88df8.vcxproj]
C:\Users\Ronald\Documents\Visual Studio 2017\Projects\LAHACKS2017\CMake_Binaries\CMakeFiles\CMakeTmp\Debug\cmTC_88df8.exe : fatal error LNK1120: 1 unresolved externals [C:\Users\Ronald\Documents\Visual Studio 2017\Projects\LAHACKS2017\CMake_Binaries\CMakeFiles\CMakeTmp\cmTC_88df8.vcxproj]
Done Building Project "C:\Users\Ronald\Documents\Visual Studio 2017\Projects\LAHACKS2017\CMake_Binaries\CMakeFiles\CMakeTmp\cmTC_88df8.vcxproj" (default targets) -- FAILED.

Build FAILED.

"C:\Users\Ronald\Documents\Visual Studio 2017\Projects\LAHACKS2017\CMake_Binaries\CMakeFiles\CMakeTmp\cmTC_88df8.vcxproj" (default target) (1) ->
(Link target) -> 
  CheckFunctionExists.obj : error LNK2019: unresolved external symbol _jbg_newlen referenced in function _main [C:\Users\Ronald\Documents\Visual Studio 2017\Projects\LAHACKS2017\CMake_Binaries\CMakeFiles\CMakeTmp\cmTC_88df8.vcxproj]
  C:\Users\Ronald\Documents\Visual Studio 2017\Projects\LAHACKS2017\CMake_Binaries\CMakeFiles\CMakeTmp\Debug\cmTC_88df8.exe : fatal error LNK1120: 1 unresolved externals [C:\Users\Ronald\Documents\Visual Studio 2017\Projects\LAHACKS2017\CMake_Binaries\CMakeFiles\CMakeTmp\cmTC_88df8.vcxproj]

    0 Warning(s)
    2 Error(s)

Time Elapsed 00:00:01.85


Determining if the function mmap exists failed with the following output:
Change Dir: C:/Users/Ronald/Documents/Visual Studio 2017/Projects/LAHACKS2017/CMake_Binaries/CMakeFiles/CMakeTmp

Run Build Command:"C:/Program Files (x86)/Microsoft Visual Studio/2017/Community/MSBuild/15.0/Bin/MSBuild.exe" "cmTC_95643.vcxproj" "/p:Configuration=Debug" "/p:VisualStudioVersion=15.0"
Microsoft (R) Build Engine version 15.1.548.43366
Copyright (C) Microsoft Corporation. All rights reserved.

Build started 4/1/2017 3:12:46 AM.
Project "C:\Users\Ronald\Documents\Visual Studio 2017\Projects\LAHACKS2017\CMake_Binaries\CMakeFiles\CMakeTmp\cmTC_95643.vcxproj" on node 1 (default targets).
PrepareForBuild:
  Creating directory "cmTC_95643.dir\Debug\".
  Creating directory "C:\Users\Ronald\Documents\Visual Studio 2017\Projects\LAHACKS2017\CMake_Binaries\CMakeFiles\CMakeTmp\Debug\".
  Creating directory "cmTC_95643.dir\Debug\cmTC_95643.tlog\".
InitializeBuildStatus:
  Creating "cmTC_95643.dir\Debug\cmTC_95643.tlog\unsuccessfulbuild" because "AlwaysCreate" was specified.
ClCompile:
  C:\Program Files (x86)\Microsoft Visual Studio\2017\Community\VC\Tools\MSVC\14.10.25017\bin\HostX86\x86\CL.exe /c /Zi /W3 /WX- /diagnostics:classic /MP4 /Od /Ob0 /Oi /Oy- /D WIN32 /D _WINDOWS /D _CRT_SECURE_NO_DEPRECATE /D _CRT_NONSTDC_NO_DEPRECATE /D _SCL_SECURE_NO_WARNINGS /D CHECK_FUNCTION_EXISTS=mmap /D _DEBUG /D "CMAKE_INTDIR=\"Debug\"" /D _MBCS /Gm- /RTC1 /MDd /GS /Gy /arch:SSE2 /fp:fast /Zc:wchar_t /Zc:forScope /Zc:inline /Fo"cmTC_95643.dir\Debug\\" /Fd"cmTC_95643.dir\Debug\vc141.pdb" /Gd /TC /analyze- /errorReport:queue  /bigobj "C:\Program Files\CMake\share\cmake-3.7\Modules\CheckFunctionExists.c"
  Microsoft (R) C/C++ Optimizing Compiler Version 19.10.25017 for x86
  Copyright (C) Microsoft Corporation.  All rights reserved.
  
  CheckFunctionExists.c
  cl /c /Zi /W3 /WX- /diagnostics:classic /MP4 /Od /Ob0 /Oi /Oy- /D WIN32 /D _WINDOWS /D _CRT_SECURE_NO_DEPRECATE /D _CRT_NONSTDC_NO_DEPRECATE /D _SCL_SECURE_NO_WARNINGS /D CHECK_FUNCTION_EXISTS=mmap /D _DEBUG /D "CMAKE_INTDIR=\"Debug\"" /D _MBCS /Gm- /RTC1 /MDd /GS /Gy /arch:SSE2 /fp:fast /Zc:wchar_t /Zc:forScope /Zc:inline /Fo"cmTC_95643.dir\Debug\\" /Fd"cmTC_95643.dir\Debug\vc141.pdb" /Gd /TC /analyze- /errorReport:queue  /bigobj "C:\Program Files\CMake\share\cmake-3.7\Modules\CheckFunctionExists.c"
  
Link:
  C:\Program Files (x86)\Microsoft Visual Studio\2017\Community\VC\Tools\MSVC\14.10.25017\bin\HostX86\x86\link.exe /ERRORREPORT:QUEUE /OUT:"C:\Users\Ronald\Documents\Visual Studio 2017\Projects\LAHACKS2017\CMake_Binaries\CMakeFiles\CMakeTmp\Debug\cmTC_95643.exe" /INCREMENTAL /NOLOGO kernel32.lib user32.lib gdi32.lib winspool.lib shell32.lib ole32.lib oleaut32.lib uuid.lib comdlg32.lib advapi32.lib /MANIFEST /MANIFESTUAC:"level='asInvoker' uiAccess='false'" /manifest:embed /DEBUG /PDB:"C:/Users/Ronald/Documents/Visual Studio 2017/Projects/LAHACKS2017/CMake_Binaries/CMakeFiles/CMakeTmp/Debug/cmTC_95643.pdb" /SUBSYSTEM:CONSOLE /TLBID:1 /DYNAMICBASE /NXCOMPAT /IMPLIB:"C:/Users/Ronald/Documents/Visual Studio 2017/Projects/LAHACKS2017/CMake_Binaries/CMakeFiles/CMakeTmp/Debug/cmTC_95643.lib" /MACHINE:X86 /SAFESEH  /machine:X86 cmTC_95643.dir\Debug\CheckFunctionExists.obj
CheckFunctionExists.obj : error LNK2019: unresolved external symbol _mmap referenced in function _main [C:\Users\Ronald\Documents\Visual Studio 2017\Projects\LAHACKS2017\CMake_Binaries\CMakeFiles\CMakeTmp\cmTC_95643.vcxproj]
C:\Users\Ronald\Documents\Visual Studio 2017\Projects\LAHACKS2017\CMake_Binaries\CMakeFiles\CMakeTmp\Debug\cmTC_95643.exe : fatal error LNK1120: 1 unresolved externals [C:\Users\Ronald\Documents\Visual Studio 2017\Projects\LAHACKS2017\CMake_Binaries\CMakeFiles\CMakeTmp\cmTC_95643.vcxproj]
Done Building Project "C:\Users\Ronald\Documents\Visual Studio 2017\Projects\LAHACKS2017\CMake_Binaries\CMakeFiles\CMakeTmp\cmTC_95643.vcxproj" (default targets) -- FAILED.

Build FAILED.

"C:\Users\Ronald\Documents\Visual Studio 2017\Projects\LAHACKS2017\CMake_Binaries\CMakeFiles\CMakeTmp\cmTC_95643.vcxproj" (default target) (1) ->
(Link target) -> 
  CheckFunctionExists.obj : error LNK2019: unresolved external symbol _mmap referenced in function _main [C:\Users\Ronald\Documents\Visual Studio 2017\Projects\LAHACKS2017\CMake_Binaries\CMakeFiles\CMakeTmp\cmTC_95643.vcxproj]
  C:\Users\Ronald\Documents\Visual Studio 2017\Projects\LAHACKS2017\CMake_Binaries\CMakeFiles\CMakeTmp\Debug\cmTC_95643.exe : fatal error LNK1120: 1 unresolved externals [C:\Users\Ronald\Documents\Visual Studio 2017\Projects\LAHACKS2017\CMake_Binaries\CMakeFiles\CMakeTmp\cmTC_95643.vcxproj]

    0 Warning(s)
    2 Error(s)

Time Elapsed 00:00:01.63


Determining if the include file unistd.h exists failed with the following output:
Change Dir: C:/Users/Ronald/Documents/Visual Studio 2017/Projects/LAHACKS2017/CMake_Binaries/CMakeFiles/CMakeTmp

Run Build Command:"C:/Program Files (x86)/Microsoft Visual Studio/2017/Community/MSBuild/15.0/Bin/MSBuild.exe" "cmTC_64f3a.vcxproj" "/p:Configuration=Debug" "/p:VisualStudioVersion=15.0"
Microsoft (R) Build Engine version 15.1.548.43366
Copyright (C) Microsoft Corporation. All rights reserved.

Build started 4/1/2017 3:12:53 AM.
Project "C:\Users\Ronald\Documents\Visual Studio 2017\Projects\LAHACKS2017\CMake_Binaries\CMakeFiles\CMakeTmp\cmTC_64f3a.vcxproj" on node 1 (default targets).
PrepareForBuild:
  Creating directory "cmTC_64f3a.dir\Debug\".
  Creating directory "C:\Users\Ronald\Documents\Visual Studio 2017\Projects\LAHACKS2017\CMake_Binaries\CMakeFiles\CMakeTmp\Debug\".
  Creating directory "cmTC_64f3a.dir\Debug\cmTC_64f3a.tlog\".
InitializeBuildStatus:
  Creating "cmTC_64f3a.dir\Debug\cmTC_64f3a.tlog\unsuccessfulbuild" because "AlwaysCreate" was specified.
ClCompile:
  C:\Program Files (x86)\Microsoft Visual Studio\2017\Community\VC\Tools\MSVC\14.10.25017\bin\HostX86\x86\CL.exe /c /Zi /W3 /WX- /diagnostics:classic /MP4 /Od /Ob0 /Oi /Oy- /D WIN32 /D _WINDOWS /D _CRT_SECURE_NO_DEPRECATE /D _CRT_NONSTDC_NO_DEPRECATE /D _SCL_SECURE_NO_WARNINGS /D _DEBUG /D "CMAKE_INTDIR=\"Debug\"" /D _MBCS /Gm- /RTC1 /MDd /GS /Gy /arch:SSE2 /fp:fast /Zc:wchar_t /Zc:forScope /Zc:inline /Fo"cmTC_64f3a.dir\Debug\\" /Fd"cmTC_64f3a.dir\Debug\vc141.pdb" /Gd /TC /analyze- /errorReport:queue  /bigobj "C:\Users\Ronald\Documents\Visual Studio 2017\Projects\LAHACKS2017\CMake_Binaries\CMakeFiles\CMakeTmp\CheckIncludeFile.c"
  Microsoft (R) C/C++ Optimizing Compiler Version 19.10.25017 for x86
  Copyright (C) Microsoft Corporation.  All rights reserved.
  
  CheckIncludeFile.c
  cl /c /Zi /W3 /WX- /diagnostics:classic /MP4 /Od /Ob0 /Oi /Oy- /D WIN32 /D _WINDOWS /D _CRT_SECURE_NO_DEPRECATE /D _CRT_NONSTDC_NO_DEPRECATE /D _SCL_SECURE_NO_WARNINGS /D _DEBUG /D "CMAKE_INTDIR=\"Debug\"" /D _MBCS /Gm- /RTC1 /MDd /GS /Gy /arch:SSE2 /fp:fast /Zc:wchar_t /Zc:forScope /Zc:inline /Fo"cmTC_64f3a.dir\Debug\\" /Fd"cmTC_64f3a.dir\Debug\vc141.pdb" /Gd /TC /analyze- /errorReport:queue  /bigobj "C:\Users\Ronald\Documents\Visual Studio 2017\Projects\LAHACKS2017\CMake_Binaries\CMakeFiles\CMakeTmp\CheckIncludeFile.c"
  
C:\Users\Ronald\Documents\Visual Studio 2017\Projects\LAHACKS2017\CMake_Binaries\CMakeFiles\CMakeTmp\CheckIncludeFile.c(1): fatal error C1083: Cannot open include file: 'unistd.h': No such file or directory [C:\Users\Ronald\Documents\Visual Studio 2017\Projects\LAHACKS2017\CMake_Binaries\CMakeFiles\CMakeTmp\cmTC_64f3a.vcxproj]
Done Building Project "C:\Users\Ronald\Documents\Visual Studio 2017\Projects\LAHACKS2017\CMake_Binaries\CMakeFiles\CMakeTmp\cmTC_64f3a.vcxproj" (default targets) -- FAILED.

Build FAILED.

"C:\Users\Ronald\Documents\Visual Studio 2017\Projects\LAHACKS2017\CMake_Binaries\CMakeFiles\CMakeTmp\cmTC_64f3a.vcxproj" (default target) (1) ->
(ClCompile target) -> 
  C:\Users\Ronald\Documents\Visual Studio 2017\Projects\LAHACKS2017\CMake_Binaries\CMakeFiles\CMakeTmp\CheckIncludeFile.c(1): fatal error C1083: Cannot open include file: 'unistd.h': No such file or directory [C:\Users\Ronald\Documents\Visual Studio 2017\Projects\LAHACKS2017\CMake_Binaries\CMakeFiles\CMakeTmp\cmTC_64f3a.vcxproj]

    0 Warning(s)
    1 Error(s)

Time Elapsed 00:00:01.37


